  [1m[35m (837.6ms)[0m  [1m[35mCREATE DATABASE "adulting_app_api_development" ENCODING = 'unicode'[0m
  [1m[35m (524.6ms)[0m  [1m[35mCREATE DATABASE "adulting_app_api_test" ENCODING = 'unicode'[0m
  [1m[35m (83.0ms)[0m  [1m[35mCREATE TABLE "schema_migrations" ("version" character varying NOT NULL PRIMARY KEY)[0m
  [1m[35m (65.9ms)[0m  [1m[35mCREATE TABLE "ar_internal_metadata" ("key" character varying NOT NULL PRIMARY KEY, "value" character varying, "created_at" timestamp(6) NOT NULL, "updated_at" timestamp(6) NOT NULL)[0m
  [1m[35m (0.3ms)[0m  [1m[34mSELECT pg_try_advisory_lock(260815387996677150)[0m
  [1m[35m (0.4ms)[0m  [1m[34mSELECT "schema_migrations"."version" FROM "schema_migrations" ORDER BY "schema_migrations"."version" ASC[0m
Migrating to CreateCharacters (20200811152820)
  [1m[35m (0.1ms)[0m  [1m[35mBEGIN[0m
  [1m[35m (55.1ms)[0m  [1m[35mCREATE TABLE "characters" ("id" bigserial primary key, "name" character varying, "description" character varying, "physical" integer, "social" integer, "mental" integer, "resources" integer, "artwork" character varying, "created_at" timestamp(6) NOT NULL, "updated_at" timestamp(6) NOT NULL)[0m
  [1m[36mprimary::SchemaMigration Create (0.5ms)[0m  [1m[32mINSERT INTO "schema_migrations" ("version") VALUES ($1) RETURNING "version"[0m  [["version", "20200811152820"]]
  [1m[35m (12.1ms)[0m  [1m[35mCOMMIT[0m
Migrating to CreateEvents (20200811153252)
  [1m[35m (0.2ms)[0m  [1m[35mBEGIN[0m
  [1m[35m (73.1ms)[0m  [1m[35mCREATE TABLE "events" ("id" bigserial primary key, "description" text, "option_a" character varying, "option_b" character varying, "artwork" character varying, "created_at" timestamp(6) NOT NULL, "updated_at" timestamp(6) NOT NULL)[0m
  [1m[36mprimary::SchemaMigration Create (0.4ms)[0m  [1m[32mINSERT INTO "schema_migrations" ("version") VALUES ($1) RETURNING "version"[0m  [["version", "20200811153252"]]
  [1m[35m (7.6ms)[0m  [1m[35mCOMMIT[0m
Migrating to CreateEventResults (20200811154501)
  [1m[35m (0.2ms)[0m  [1m[35mBEGIN[0m
  [1m[35m (54.1ms)[0m  [1m[35mCREATE TABLE "event_results" ("id" bigserial primary key, "a_success" text, "a_success_score" integer, "a_success_art" character varying, "a_failure" text, "a_failure_score" integer, "a_failure_art" character varying, "b_success" text, "b_success_score" integer, "b_success_art" character varying, "b_failure" text, "b_failure_score" integer, "b_failure_art" character varying, "created_at" timestamp(6) NOT NULL, "updated_at" timestamp(6) NOT NULL)[0m
  [1m[36mprimary::SchemaMigration Create (0.4ms)[0m  [1m[32mINSERT INTO "schema_migrations" ("version") VALUES ($1) RETURNING "version"[0m  [["version", "20200811154501"]]
  [1m[35m (10.1ms)[0m  [1m[35mCOMMIT[0m
  [1m[36mActiveRecord::InternalMetadata Load (0.5ms)[0m  [1m[34mSELECT "ar_internal_metadata".* FROM "ar_internal_metadata" WHERE "ar_internal_metadata"."key" = $1 LIMIT $2[0m  [["key", "environment"], ["LIMIT", 1]]
  [1m[35m (0.1ms)[0m  [1m[35mBEGIN[0m
  [1m[36mActiveRecord::InternalMetadata Create (0.6ms)[0m  [1m[32mINSERT INTO "ar_internal_metadata" ("key", "value", "created_at", "updated_at") VALUES ($1, $2, $3, $4) RETURNING "key"[0m  [["key", "environment"], ["value", "development"], ["created_at", "2020-08-11 15:50:23.943486"], ["updated_at", "2020-08-11 15:50:23.943486"]]
  [1m[35m (5.6ms)[0m  [1m[35mCOMMIT[0m
  [1m[35m (0.4ms)[0m  [1m[34mSELECT pg_advisory_unlock(260815387996677150)[0m
  [1m[35m (0.7ms)[0m  [1m[34mSELECT "schema_migrations"."version" FROM "schema_migrations" ORDER BY "schema_migrations"."version" ASC[0m
  [1m[35m (0.3ms)[0m  [1m[34mSELECT pg_try_advisory_lock(260815387996677150)[0m
  [1m[35m (0.8ms)[0m  [1m[34mSELECT "schema_migrations"."version" FROM "schema_migrations" ORDER BY "schema_migrations"."version" ASC[0m
Migrating to AddEventIdToEventResult (20200811155547)
  [1m[35m (0.2ms)[0m  [1m[35mBEGIN[0m
  [1m[35m (0.4ms)[0m  [1m[35mALTER TABLE "event_results" ADD "event_id" bigint NOT NULL[0m
  [1m[35m (58.8ms)[0m  [1m[35mCREATE  INDEX  "index_event_results_on_event_id" ON "event_results"  ("event_id")[0m
  [1m[35m (3.0ms)[0m  [1m[35mALTER TABLE "event_results" ADD CONSTRAINT "fk_rails_2f7a7a56b0"
FOREIGN KEY ("event_id")
  REFERENCES "events" ("id")
[0m
  [1m[36mprimary::SchemaMigration Create (0.5ms)[0m  [1m[32mINSERT INTO "schema_migrations" ("version") VALUES ($1) RETURNING "version"[0m  [["version", "20200811155547"]]
  [1m[35m (10.2ms)[0m  [1m[35mCOMMIT[0m
  [1m[36mActiveRecord::InternalMetadata Load (0.6ms)[0m  [1m[34mSELECT "ar_internal_metadata".* FROM "ar_internal_metadata" WHERE "ar_internal_metadata"."key" = $1 LIMIT $2[0m  [["key", "environment"], ["LIMIT", 1]]
  [1m[35m (0.3ms)[0m  [1m[34mSELECT pg_advisory_unlock(260815387996677150)[0m
  [1m[35m (0.5ms)[0m  [1m[34mSELECT "schema_migrations"."version" FROM "schema_migrations" ORDER BY "schema_migrations"."version" ASC[0m
